app/build/outputs/logs/manifest-merger-release-report.txt
-- Merging decision tree log ---
manifest
ADDED from AndroidManifest.xml:2:1
	package
		ADDED from AndroidManifest.xml:3:5
		INJECTED from AndroidManifest.xml:0:0
		INJECTED from AndroidManifest.xml:0:0
	android:versionName
		ADDED from AndroidManifest.xml:5:5
	android:versionCode
		ADDED from AndroidManifest.xml:4:5
		INJECTED from AndroidManifest.xml:0:0
		INJECTED from AndroidManifest.xml:0:0
	xmlns:android
		ADDED from AndroidManifest.xml:2:11
uses-sdk
ADDED from AndroidManifest.xml:7:5
	android:targetSdkVersion
		ADDED from AndroidManifest.xml:9:9
		INJECTED from AndroidManifest.xml:0:0
		INJECTED from AndroidManifest.xml:0:0
	android:minSdkVersion
		ADDED from AndroidManifest.xml:8:9
		INJECTED from AndroidManifest.xml:0:0
		INJECTED from AndroidManifest.xml:0:0
uses-permission#android.permission.BLUETOOTH
ADDED from AndroidManifest.xml:11:5
	android:name
		ADDED from AndroidManifest.xml:11:22
uses-permission#android.permission.BLUETOOTH_ADMIN
ADDED from AndroidManifest.xml:12:2
	android:name
		ADDED from AndroidManifest.xml:12:19
uses-permission#android.permission.READ_PHONE_STATE
ADDED from AndroidManifest.xml:13:5
	android:name
		ADDED from AndroidManifest.xml:13:22
uses-permission#android.permission.INTERNET
ADDED from AndroidManifest.xml:14:5
	android:name
		ADDED from AndroidManifest.xml:14:22
uses-feature#android.hardware.bluetooth_le
ADDED from AndroidManifest.xml:16:2
	android:required
		ADDED from AndroidManifest.xml:16:61
	android:name
		ADDED from AndroidManifest.xml:16:16
application
ADDED from AndroidManifest.xml:18:5
	android:label
		ADDED from AndroidManifest.xml:20:9
	android:icon
		ADDED from AndroidManifest.xml:19:9
	android:theme
		ADDED from AndroidManifest.xml:21:9
activity#com.clancy.cleartoken2.MainActivity
ADDED from AndroidManifest.xml:22:9
	android:screenOrientation
		ADDED from AndroidManifest.xml:25:7
	android:label
		ADDED from AndroidManifest.xml:24:13
	android:windowSoftInputMode
		ADDED from AndroidManifest.xml:27:7
	android:theme
		ADDED from AndroidManifest.xml:26:7
	android:name
		ADDED from AndroidManifest.xml:23:13
intent-filter#android.intent.action.MAIN+android.intent.category.LAUNCHER
ADDED from AndroidManifest.xml:28:13
action#android.intent.action.MAIN
ADDED from AndroidManifest.xml:29:17
	android:name
		ADDED from AndroidManifest.xml:29:25
category#android.intent.category.LAUNCHER
ADDED from AndroidManifest.xml:31:17
	android:name
		ADDED from AndroidManifest.xml:31:27
activity#com.clancy.cleartoken2.DeviceScanActivity
ADDED from AndroidManifest.xml:35:9
	android:screenOrientation
		ADDED from AndroidManifest.xml:36:7
	android:windowSoftInputMode
		ADDED from AndroidManifest.xml:37:7
	android:name
		ADDED from AndroidManifest.xml:35:19
activity#com.clancy.cleartoken2.SearchDevices
ADDED from AndroidManifest.xml:40:8
	android:screenOrientation
		ADDED from AndroidManifest.xml:42:7
	android:windowSoftInputMode
		ADDED from AndroidManifest.xml:43:7
	android:theme
		ADDED from AndroidManifest.xml:41:7
	android:name
		ADDED from AndroidManifest.xml:40:18
activity#com.clancy.cleartoken2.DeviceControlActivity
ADDED from AndroidManifest.xml:46:9
	android:screenOrientation
		ADDED from AndroidManifest.xml:47:13
	android:name
		ADDED from AndroidManifest.xml:46:19
service#com.clancy.cleartoken2.BluetoothLeService
ADDED from AndroidManifest.xml:48:9
	android:enabled
		ADDED from AndroidManifest.xml:48:53
	android:name
		ADDED from AndroidManifest.xml:48:18